<?xml version="1.0" encoding="UTF-8"?>
<testsuite xmlns:xsi="http://www.w3.org/2001/XMLSchema-instance" xsi:noNamespaceSchemaLocation="https://maven.apache.org/surefire/maven-surefire-plugin/xsd/surefire-test-report.xsd" name="org.wit.repository.ActivityDAOTest" time="2.055" tests="13" errors="0" skipped="0" failures="0">
  <properties>
    <property name="java.specification.version" value="16"/>
    <property name="sun.cpu.isalist" value="amd64"/>
    <property name="sun.jnu.encoding" value="Cp1252"/>
    <property name="java.class.path" value="C:\agile-project\HealthTrackerAppRest\target\test-classes;C:\agile-project\HealthTrackerAppRest\target\classes;C:\Users\m2custom\repository\org\jetbrains\kotlin\kotlin-stdlib\1.3.72\kotlin-stdlib-1.3.72.jar;C:\Users\m2custom\repository\org\jetbrains\kotlin\kotlin-stdlib-common\1.3.72\kotlin-stdlib-common-1.3.72.jar;C:\Users\m2custom\repository\org\jetbrains\annotations\13.0\annotations-13.0.jar;C:\Users\m2custom\repository\org\jetbrains\kotlin\kotlin-test-junit\1.3.72\kotlin-test-junit-1.3.72.jar;C:\Users\m2custom\repository\org\jetbrains\kotlin\kotlin-test-annotations-common\1.3.72\kotlin-test-annotations-common-1.3.72.jar;C:\Users\m2custom\repository\org\jetbrains\kotlin\kotlin-test\1.3.72\kotlin-test-1.3.72.jar;C:\Users\m2custom\repository\org\jetbrains\kotlin\kotlin-test-common\1.3.72\kotlin-test-common-1.3.72.jar;C:\Users\m2custom\repository\junit\junit\4.12\junit-4.12.jar;C:\Users\m2custom\repository\org\hamcrest\hamcrest-core\1.3\hamcrest-core-1.3.jar;C:\Users\m2custom\repository\org\junit\jupiter\junit-jupiter-engine\5.5.2\junit-jupiter-engine-5.5.2.jar;C:\Users\m2custom\repository\org\apiguardian\apiguardian-api\1.1.0\apiguardian-api-1.1.0.jar;C:\Users\m2custom\repository\org\junit\platform\junit-platform-engine\1.5.2\junit-platform-engine-1.5.2.jar;C:\Users\m2custom\repository\org\opentest4j\opentest4j\1.2.0\opentest4j-1.2.0.jar;C:\Users\m2custom\repository\org\junit\platform\junit-platform-commons\1.5.2\junit-platform-commons-1.5.2.jar;C:\Users\m2custom\repository\org\junit\jupiter\junit-jupiter-api\5.5.2\junit-jupiter-api-5.5.2.jar;C:\Users\m2custom\repository\org\junit\platform\junit-platform-runner\1.5.2\junit-platform-runner-1.5.2.jar;C:\Users\m2custom\repository\org\junit\platform\junit-platform-launcher\1.5.2\junit-platform-launcher-1.5.2.jar;C:\Users\m2custom\repository\org\junit\platform\junit-platform-suite-api\1.5.2\junit-platform-suite-api-1.5.2.jar;C:\Users\m2custom\repository\io\javalin\javalin\3.7.0\javalin-3.7.0.jar;C:\Users\m2custom\repository\org\jetbrains\kotlin\kotlin-stdlib-jdk8\1.3.61\kotlin-stdlib-jdk8-1.3.61.jar;C:\Users\m2custom\repository\org\jetbrains\kotlin\kotlin-stdlib-jdk7\1.3.61\kotlin-stdlib-jdk7-1.3.61.jar;C:\Users\m2custom\repository\org\eclipse\jetty\jetty-server\9.4.25.v20191220\jetty-server-9.4.25.v20191220.jar;C:\Users\m2custom\repository\javax\servlet\javax.servlet-api\3.1.0\javax.servlet-api-3.1.0.jar;C:\Users\m2custom\repository\org\eclipse\jetty\jetty-http\9.4.25.v20191220\jetty-http-9.4.25.v20191220.jar;C:\Users\m2custom\repository\org\eclipse\jetty\jetty-util\9.4.25.v20191220\jetty-util-9.4.25.v20191220.jar;C:\Users\m2custom\repository\org\eclipse\jetty\jetty-io\9.4.25.v20191220\jetty-io-9.4.25.v20191220.jar;C:\Users\m2custom\repository\org\eclipse\jetty\jetty-webapp\9.4.25.v20191220\jetty-webapp-9.4.25.v20191220.jar;C:\Users\m2custom\repository\org\eclipse\jetty\jetty-xml\9.4.25.v20191220\jetty-xml-9.4.25.v20191220.jar;C:\Users\m2custom\repository\org\eclipse\jetty\jetty-servlet\9.4.25.v20191220\jetty-servlet-9.4.25.v20191220.jar;C:\Users\m2custom\repository\org\eclipse\jetty\jetty-security\9.4.25.v20191220\jetty-security-9.4.25.v20191220.jar;C:\Users\m2custom\repository\org\eclipse\jetty\websocket\websocket-server\9.4.25.v20191220\websocket-server-9.4.25.v20191220.jar;C:\Users\m2custom\repository\org\eclipse\jetty\websocket\websocket-common\9.4.25.v20191220\websocket-common-9.4.25.v20191220.jar;C:\Users\m2custom\repository\org\eclipse\jetty\websocket\websocket-api\9.4.25.v20191220\websocket-api-9.4.25.v20191220.jar;C:\Users\m2custom\repository\org\eclipse\jetty\websocket\websocket-client\9.4.25.v20191220\websocket-client-9.4.25.v20191220.jar;C:\Users\m2custom\repository\org\eclipse\jetty\jetty-client\9.4.25.v20191220\jetty-client-9.4.25.v20191220.jar;C:\Users\m2custom\repository\org\eclipse\jetty\websocket\websocket-servlet\9.4.25.v20191220\websocket-servlet-9.4.25.v20191220.jar;C:\Users\m2custom\repository\org\slf4j\slf4j-api\1.8.0-beta4\slf4j-api-1.8.0-beta4.jar;C:\Users\m2custom\repository\org\slf4j\slf4j-simple\1.8.0-beta4\slf4j-simple-1.8.0-beta4.jar;C:\Users\m2custom\repository\com\fasterxml\jackson\core\jackson-databind\2.10.1\jackson-databind-2.10.1.jar;C:\Users\m2custom\repository\com\fasterxml\jackson\core\jackson-annotations\2.10.1\jackson-annotations-2.10.1.jar;C:\Users\m2custom\repository\com\fasterxml\jackson\core\jackson-core\2.10.1\jackson-core-2.10.1.jar;C:\Users\m2custom\repository\com\h2database\h2\1.4.197\h2-1.4.197.jar;C:\Users\m2custom\repository\com\fasterxml\jackson\module\jackson-module-kotlin\2.8.8\jackson-module-kotlin-2.8.8.jar;C:\Users\m2custom\repository\org\jetbrains\kotlin\kotlin-reflect\1.1.1\kotlin-reflect-1.1.1.jar;C:\Users\m2custom\repository\org\jetbrains\exposed\exposed\0.11.2\exposed-0.11.2.jar;C:\Users\m2custom\repository\joda-time\joda-time\2.9.9\joda-time-2.9.9.jar;C:\Users\m2custom\repository\org\postgresql\postgresql\42.2.2\postgresql-42.2.2.jar;C:\Users\m2custom\repository\com\konghq\unirest-java\3.7.02\unirest-java-3.7.02.jar;C:\Users\m2custom\repository\org\apache\httpcomponents\httpclient\4.5.11\httpclient-4.5.11.jar;C:\Users\m2custom\repository\org\apache\httpcomponents\httpcore\4.4.13\httpcore-4.4.13.jar;C:\Users\m2custom\repository\commons-logging\commons-logging\1.2\commons-logging-1.2.jar;C:\Users\m2custom\repository\commons-codec\commons-codec\1.11\commons-codec-1.11.jar;C:\Users\m2custom\repository\org\apache\httpcomponents\httpmime\4.5.11\httpmime-4.5.11.jar;C:\Users\m2custom\repository\org\apache\httpcomponents\httpcore-nio\4.4.13\httpcore-nio-4.4.13.jar;C:\Users\m2custom\repository\org\apache\httpcomponents\httpasyncclient\4.1.4\httpasyncclient-4.1.4.jar;C:\Users\m2custom\repository\com\google\code\gson\gson\2.8.6\gson-2.8.6.jar;C:\Users\m2custom\repository\org\assertj\assertj-core\3.11.1\assertj-core-3.11.1.jar;C:\Users\m2custom\repository\org\webjars\npm\vue\2.6.10\vue-2.6.10.jar;C:\Users\m2custom\repository\org\webjars\npm\axios\0.19.2\axios-0.19.2.jar;C:\Users\m2custom\repository\org\webjars\npm\follow-redirects\1.5.10\follow-redirects-1.5.10.jar;C:\Users\m2custom\repository\org\webjars\npm\debug\3.1.0\debug-3.1.0.jar;C:\Users\m2custom\repository\org\webjars\npm\ms\2.0.0\ms-2.0.0.jar;C:\Users\m2custom\repository\com\fasterxml\jackson\datatype\jackson-datatype-joda\2.8.7\jackson-datatype-joda-2.8.7.jar;"/>
    <property name="java.vm.vendor" value="Oracle Corporation"/>
    <property name="sun.arch.data.model" value="64"/>
    <property name="user.variant" value=""/>
    <property name="java.vendor.url" value="https://java.oracle.com/"/>
    <property name="user.timezone" value="Europe/London"/>
    <property name="os.name" value="Windows 10"/>
    <property name="java.vm.specification.version" value="16"/>
    <property name="sun.java.launcher" value="SUN_STANDARD"/>
    <property name="user.country" value="IN"/>
    <property name="sun.boot.library.path" value="C:\dev-agile\Java\jdk-16.0.2\bin"/>
    <property name="sun.java.command" value="C:\Users\HANUSA~1\AppData\Local\Temp\surefire18302688179561881075\surefirebooter11316290189825421863.jar C:\Users\Hanu Sathya\AppData\Local\Temp\surefire18302688179561881075 2022-08-31T15-48-12_355-jvmRun1 surefire1515606848614628768tmp surefire_08223173820044170650tmp"/>
    <property name="jdk.debug" value="release"/>
    <property name="surefire.test.class.path" value="C:\agile-project\HealthTrackerAppRest\target\test-classes;C:\agile-project\HealthTrackerAppRest\target\classes;C:\Users\m2custom\repository\org\jetbrains\kotlin\kotlin-stdlib\1.3.72\kotlin-stdlib-1.3.72.jar;C:\Users\m2custom\repository\org\jetbrains\kotlin\kotlin-stdlib-common\1.3.72\kotlin-stdlib-common-1.3.72.jar;C:\Users\m2custom\repository\org\jetbrains\annotations\13.0\annotations-13.0.jar;C:\Users\m2custom\repository\org\jetbrains\kotlin\kotlin-test-junit\1.3.72\kotlin-test-junit-1.3.72.jar;C:\Users\m2custom\repository\org\jetbrains\kotlin\kotlin-test-annotations-common\1.3.72\kotlin-test-annotations-common-1.3.72.jar;C:\Users\m2custom\repository\org\jetbrains\kotlin\kotlin-test\1.3.72\kotlin-test-1.3.72.jar;C:\Users\m2custom\repository\org\jetbrains\kotlin\kotlin-test-common\1.3.72\kotlin-test-common-1.3.72.jar;C:\Users\m2custom\repository\junit\junit\4.12\junit-4.12.jar;C:\Users\m2custom\repository\org\hamcrest\hamcrest-core\1.3\hamcrest-core-1.3.jar;C:\Users\m2custom\repository\org\junit\jupiter\junit-jupiter-engine\5.5.2\junit-jupiter-engine-5.5.2.jar;C:\Users\m2custom\repository\org\apiguardian\apiguardian-api\1.1.0\apiguardian-api-1.1.0.jar;C:\Users\m2custom\repository\org\junit\platform\junit-platform-engine\1.5.2\junit-platform-engine-1.5.2.jar;C:\Users\m2custom\repository\org\opentest4j\opentest4j\1.2.0\opentest4j-1.2.0.jar;C:\Users\m2custom\repository\org\junit\platform\junit-platform-commons\1.5.2\junit-platform-commons-1.5.2.jar;C:\Users\m2custom\repository\org\junit\jupiter\junit-jupiter-api\5.5.2\junit-jupiter-api-5.5.2.jar;C:\Users\m2custom\repository\org\junit\platform\junit-platform-runner\1.5.2\junit-platform-runner-1.5.2.jar;C:\Users\m2custom\repository\org\junit\platform\junit-platform-launcher\1.5.2\junit-platform-launcher-1.5.2.jar;C:\Users\m2custom\repository\org\junit\platform\junit-platform-suite-api\1.5.2\junit-platform-suite-api-1.5.2.jar;C:\Users\m2custom\repository\io\javalin\javalin\3.7.0\javalin-3.7.0.jar;C:\Users\m2custom\repository\org\jetbrains\kotlin\kotlin-stdlib-jdk8\1.3.61\kotlin-stdlib-jdk8-1.3.61.jar;C:\Users\m2custom\repository\org\jetbrains\kotlin\kotlin-stdlib-jdk7\1.3.61\kotlin-stdlib-jdk7-1.3.61.jar;C:\Users\m2custom\repository\org\eclipse\jetty\jetty-server\9.4.25.v20191220\jetty-server-9.4.25.v20191220.jar;C:\Users\m2custom\repository\javax\servlet\javax.servlet-api\3.1.0\javax.servlet-api-3.1.0.jar;C:\Users\m2custom\repository\org\eclipse\jetty\jetty-http\9.4.25.v20191220\jetty-http-9.4.25.v20191220.jar;C:\Users\m2custom\repository\org\eclipse\jetty\jetty-util\9.4.25.v20191220\jetty-util-9.4.25.v20191220.jar;C:\Users\m2custom\repository\org\eclipse\jetty\jetty-io\9.4.25.v20191220\jetty-io-9.4.25.v20191220.jar;C:\Users\m2custom\repository\org\eclipse\jetty\jetty-webapp\9.4.25.v20191220\jetty-webapp-9.4.25.v20191220.jar;C:\Users\m2custom\repository\org\eclipse\jetty\jetty-xml\9.4.25.v20191220\jetty-xml-9.4.25.v20191220.jar;C:\Users\m2custom\repository\org\eclipse\jetty\jetty-servlet\9.4.25.v20191220\jetty-servlet-9.4.25.v20191220.jar;C:\Users\m2custom\repository\org\eclipse\jetty\jetty-security\9.4.25.v20191220\jetty-security-9.4.25.v20191220.jar;C:\Users\m2custom\repository\org\eclipse\jetty\websocket\websocket-server\9.4.25.v20191220\websocket-server-9.4.25.v20191220.jar;C:\Users\m2custom\repository\org\eclipse\jetty\websocket\websocket-common\9.4.25.v20191220\websocket-common-9.4.25.v20191220.jar;C:\Users\m2custom\repository\org\eclipse\jetty\websocket\websocket-api\9.4.25.v20191220\websocket-api-9.4.25.v20191220.jar;C:\Users\m2custom\repository\org\eclipse\jetty\websocket\websocket-client\9.4.25.v20191220\websocket-client-9.4.25.v20191220.jar;C:\Users\m2custom\repository\org\eclipse\jetty\jetty-client\9.4.25.v20191220\jetty-client-9.4.25.v20191220.jar;C:\Users\m2custom\repository\org\eclipse\jetty\websocket\websocket-servlet\9.4.25.v20191220\websocket-servlet-9.4.25.v20191220.jar;C:\Users\m2custom\repository\org\slf4j\slf4j-api\1.8.0-beta4\slf4j-api-1.8.0-beta4.jar;C:\Users\m2custom\repository\org\slf4j\slf4j-simple\1.8.0-beta4\slf4j-simple-1.8.0-beta4.jar;C:\Users\m2custom\repository\com\fasterxml\jackson\core\jackson-databind\2.10.1\jackson-databind-2.10.1.jar;C:\Users\m2custom\repository\com\fasterxml\jackson\core\jackson-annotations\2.10.1\jackson-annotations-2.10.1.jar;C:\Users\m2custom\repository\com\fasterxml\jackson\core\jackson-core\2.10.1\jackson-core-2.10.1.jar;C:\Users\m2custom\repository\com\h2database\h2\1.4.197\h2-1.4.197.jar;C:\Users\m2custom\repository\com\fasterxml\jackson\module\jackson-module-kotlin\2.8.8\jackson-module-kotlin-2.8.8.jar;C:\Users\m2custom\repository\org\jetbrains\kotlin\kotlin-reflect\1.1.1\kotlin-reflect-1.1.1.jar;C:\Users\m2custom\repository\org\jetbrains\exposed\exposed\0.11.2\exposed-0.11.2.jar;C:\Users\m2custom\repository\joda-time\joda-time\2.9.9\joda-time-2.9.9.jar;C:\Users\m2custom\repository\org\postgresql\postgresql\42.2.2\postgresql-42.2.2.jar;C:\Users\m2custom\repository\com\konghq\unirest-java\3.7.02\unirest-java-3.7.02.jar;C:\Users\m2custom\repository\org\apache\httpcomponents\httpclient\4.5.11\httpclient-4.5.11.jar;C:\Users\m2custom\repository\org\apache\httpcomponents\httpcore\4.4.13\httpcore-4.4.13.jar;C:\Users\m2custom\repository\commons-logging\commons-logging\1.2\commons-logging-1.2.jar;C:\Users\m2custom\repository\commons-codec\commons-codec\1.11\commons-codec-1.11.jar;C:\Users\m2custom\repository\org\apache\httpcomponents\httpmime\4.5.11\httpmime-4.5.11.jar;C:\Users\m2custom\repository\org\apache\httpcomponents\httpcore-nio\4.4.13\httpcore-nio-4.4.13.jar;C:\Users\m2custom\repository\org\apache\httpcomponents\httpasyncclient\4.1.4\httpasyncclient-4.1.4.jar;C:\Users\m2custom\repository\com\google\code\gson\gson\2.8.6\gson-2.8.6.jar;C:\Users\m2custom\repository\org\assertj\assertj-core\3.11.1\assertj-core-3.11.1.jar;C:\Users\m2custom\repository\org\webjars\npm\vue\2.6.10\vue-2.6.10.jar;C:\Users\m2custom\repository\org\webjars\npm\axios\0.19.2\axios-0.19.2.jar;C:\Users\m2custom\repository\org\webjars\npm\follow-redirects\1.5.10\follow-redirects-1.5.10.jar;C:\Users\m2custom\repository\org\webjars\npm\debug\3.1.0\debug-3.1.0.jar;C:\Users\m2custom\repository\org\webjars\npm\ms\2.0.0\ms-2.0.0.jar;C:\Users\m2custom\repository\com\fasterxml\jackson\datatype\jackson-datatype-joda\2.8.7\jackson-datatype-joda-2.8.7.jar;"/>
    <property name="sun.cpu.endian" value="little"/>
    <property name="user.home" value="C:\Users\Hanu Sathya"/>
    <property name="user.language" value="en"/>
    <property name="java.specification.vendor" value="Oracle Corporation"/>
    <property name="java.version.date" value="2021-07-20"/>
    <property name="java.home" value="C:\dev-agile\Java\jdk-16.0.2"/>
    <property name="file.separator" value="\"/>
    <property name="basedir" value="C:\agile-project\HealthTrackerAppRest"/>
    <property name="java.vm.compressedOopsMode" value="32-bit"/>
    <property name="line.separator" value="&#10;"/>
    <property name="java.vm.specification.vendor" value="Oracle Corporation"/>
    <property name="java.specification.name" value="Java Platform API Specification"/>
    <property name="surefire.real.class.path" value="C:\Users\HANUSA~1\AppData\Local\Temp\surefire18302688179561881075\surefirebooter11316290189825421863.jar"/>
    <property name="user.script" value=""/>
    <property name="sun.management.compiler" value="HotSpot 64-Bit Tiered Compilers"/>
    <property name="java.runtime.version" value="16.0.2+7-67"/>
    <property name="user.name" value="Hanu Sathya"/>
    <property name="path.separator" value=";"/>
    <property name="os.version" value="10.0"/>
    <property name="java.runtime.name" value="Java(TM) SE Runtime Environment"/>
    <property name="file.encoding" value="Cp1252"/>
    <property name="java.vm.name" value="Java HotSpot(TM) 64-Bit Server VM"/>
    <property name="localRepository" value="C:\Users\m2custom\repository"/>
    <property name="java.vendor.url.bug" value="https://bugreport.java.com/bugreport/"/>
    <property name="java.io.tmpdir" value="C:\Users\HANUSA~1\AppData\Local\Temp\"/>
    <property name="idea.version" value="2021.2.3"/>
    <property name="java.version" value="16.0.2"/>
    <property name="user.dir" value="C:\agile-project\HealthTrackerAppRest"/>
    <property name="os.arch" value="amd64"/>
    <property name="java.vm.specification.name" value="Java Virtual Machine Specification"/>
    <property name="sun.os.patch.level" value=""/>
    <property name="java.library.path" value="C:\dev-agile\Java\jdk-16.0.2\bin;C:\WINDOWS\Sun\Java\bin;C:\WINDOWS\system32;C:\WINDOWS;C:\Python310\Scripts\;C:\Python310\;C:\Program Files\Common Files\Oracle\Java\javapath;C:\WINDOWS\system32;C:\WINDOWS;C:\WINDOWS\System32\Wbem;C:\WINDOWS\System32\WindowsPowerShell\v1.0\;C:\WINDOWS\System32\OpenSSH\;C:\Program Files\Intel\WiFi\bin\;C:\Program Files\Common Files\Intel\WirelessCommon\;C:\Program Files\PuTTY\;C:\Program Files (x86)\Bitvise SSH Client;C:\dev-agile\Java\jdk-16.0.2\bin;C:\dev-agile\nodejs\;C:\ProgramData\chocolatey\bin;C:\Program Files\Git\cmd;C:\Program Files\apache-maven-3.8.4-bin\apache-maven-3.8.4\bin;C:\Program Files\MySQL\MySQL Shell 8.0\bin\;C:\data_mining\anaconda3;C:\data_mining\anaconda3\Library\mingw-w64\bin;C:\data_mining\anaconda3\Library\usr\bin;C:\data_mining\anaconda3\Library\bin;C:\data_mining\anaconda3\Scripts;C:\Users\Hanu Sathya\AppData\Local\Microsoft\WindowsApps;C:\Program Files\Java\jdk1.8.0_212\bin;C:\Program Files\JetBrains\PyCharm Community Edition 2019.3\bin;;C:\Users\Hanu Sathya\AppData\Local\Programs\Microsoft VS Code\bin;C:\dev-agile\IntelliJ IDEA 2021.2.3\bin;;C:\Users\Hanu Sathya\AppData\Roaming\npm;C:\Program Files\heroku\bin;."/>
    <property name="java.vm.info" value="mixed mode, sharing"/>
    <property name="java.vendor" value="Oracle Corporation"/>
    <property name="java.vm.version" value="16.0.2+7-67"/>
    <property name="sun.io.unicode.encoding" value="UnicodeLittle"/>
    <property name="java.class.version" value="60.0"/>
  </properties>
  <testcase name="multiple activities added to table can be retrieved successfully" classname="org.wit.repository.ActivityDAOTest$CreateActivities" time="1.444"/>
  <testcase name="getting all activities from a populated table returns all rows" classname="org.wit.repository.ActivityDAOTest$ReadActivities" time="0.032"/>
  <testcase name="get activity by user id that exists, results in a correct activitie{s} returned" classname="org.wit.repository.ActivityDAOTest$ReadActivities" time="0.032"/>
  <testcase name="get activity by activity id that exists, results in a correct activity returned" classname="org.wit.repository.ActivityDAOTest$ReadActivities" time="0.035"/>
  <testcase name="get activity by user id that has no activities, results in no record returned" classname="org.wit.repository.ActivityDAOTest$ReadActivities" time="0.032"/>
  <testcase name="get all activities over empty table returns none" classname="org.wit.repository.ActivityDAOTest$ReadActivities" time="0.015"/>
  <testcase name="get activity by activity id that has no records, results in no record returned" classname="org.wit.repository.ActivityDAOTest$ReadActivities" time="0.047"/>
  <testcase name="updating existing activity in table results in successful update" classname="org.wit.repository.ActivityDAOTest$UpdateActivities" time="0.043"/>
  <testcase name="updating non-existant activity in table results in no updates" classname="org.wit.repository.ActivityDAOTest$UpdateActivities" time="0.041"/>
  <testcase name="deleting a non-existant activity {by id} in table results in no deletion" classname="org.wit.repository.ActivityDAOTest$DeleteActivities" time="0.054"/>
  <testcase name="deleting activities when 1 or more exist for user id results in deletion" classname="org.wit.repository.ActivityDAOTest$DeleteActivities" time="0.054"/>
  <testcase name="deleting activities when none exist for user id results in no deletion" classname="org.wit.repository.ActivityDAOTest$DeleteActivities" time="0.038"/>
  <testcase name="deleting an existing activity {by id} in table results in record being deleted" classname="org.wit.repository.ActivityDAOTest$DeleteActivities" time="0.034"/>
</testsuite>